<?xml version="1.0" encoding="UTF-8"?>
<!-- Generated by org.testng.reporters.JUnitReportReporter -->
<testsuite hostname="ROSE_ANAND" failures="0" tests="6" name="com.example.demo.StudentTest" time="30.034" errors="0" timestamp="2026-04-19T17:28:00 IST" skipped="0">
  <testcase classname="com.example.demo.StudentTest" name="testCourseEnrollment" time="0.000"/>
  <system-out/>
  <testcase classname="com.example.demo.StudentTest" name="testGradeTracking" time="0.001"/>
  <system-out/>
  <testcase classname="com.example.demo.StudentTest" name="testPageTitle" time="0.019"/>
  <system-out/>
  <testcase classname="com.example.demo.StudentTest" name="testStudentDashboard" time="0.001"/>
  <system-out/>
  <testcase classname="com.example.demo.StudentTest" name="manualTestingWait" time="30.005"/>
  <system-out/>
  <testcase classname="com.example.demo.StudentTest" name="testAssignmentSubmission" time="0.008"/>
  <system-out/>
</testsuite> <!-- com.example.demo.StudentTest -->
