<?xml version="1.0" encoding="UTF-8"?>
<testng-results ignored="0" total="6" passed="6" failed="0" skipped="0">
  <reporter-output>
  </reporter-output>
  <suite started-at="2026-04-19T17:27:16 IST" name="student suite" finished-at="2026-04-19T17:28:00 IST" duration-ms="44030">
    <groups>
    </groups>
    <test started-at="2026-04-19T17:27:16 IST" name="student test" finished-at="2026-04-19T17:28:00 IST" duration-ms="44030">
      <class name="com.example.demo.StudentTest">
        <test-method is-config="true" signature="setup()[pri:0, instance:com.example.demo.StudentTest@7d8995e]" started-at="2026-04-19T17:27:16 IST" name="setup" finished-at="2026-04-19T17:27:27 IST" duration-ms="11814" status="PASS">
          <reporter-output>
          </reporter-output>
        </test-method> <!-- setup -->
        <test-method signature="manualTestingWait()[pri:0, instance:com.example.demo.StudentTest@7d8995e]" started-at="2026-04-19T17:27:28 IST" name="manualTestingWait" finished-at="2026-04-19T17:27:58 IST" duration-ms="30005" status="PASS">
          <reporter-output>
          </reporter-output>
        </test-method> <!-- manualTestingWait -->
        <test-method signature="testAssignmentSubmission()[pri:0, instance:com.example.demo.StudentTest@7d8995e]" started-at="2026-04-19T17:27:58 IST" name="testAssignmentSubmission" finished-at="2026-04-19T17:27:58 IST" duration-ms="8" status="PASS">
          <reporter-output>
          </reporter-output>
        </test-method> <!-- testAssignmentSubmission -->
        <test-method signature="testCourseEnrollment()[pri:0, instance:com.example.demo.StudentTest@7d8995e]" started-at="2026-04-19T17:27:58 IST" name="testCourseEnrollment" finished-at="2026-04-19T17:27:58 IST" duration-ms="0" status="PASS">
          <reporter-output>
          </reporter-output>
        </test-method> <!-- testCourseEnrollment -->
        <test-method signature="testGradeTracking()[pri:0, instance:com.example.demo.StudentTest@7d8995e]" started-at="2026-04-19T17:27:58 IST" name="testGradeTracking" finished-at="2026-04-19T17:27:58 IST" duration-ms="1" status="PASS">
          <reporter-output>
          </reporter-output>
        </test-method> <!-- testGradeTracking -->
        <test-method signature="testPageTitle()[pri:0, instance:com.example.demo.StudentTest@7d8995e]" started-at="2026-04-19T17:27:58 IST" name="testPageTitle" finished-at="2026-04-19T17:27:58 IST" duration-ms="19" status="PASS">
          <reporter-output>
          </reporter-output>
        </test-method> <!-- testPageTitle -->
        <test-method signature="testStudentDashboard()[pri:0, instance:com.example.demo.StudentTest@7d8995e]" started-at="2026-04-19T17:27:58 IST" name="testStudentDashboard" finished-at="2026-04-19T17:27:58 IST" duration-ms="1" status="PASS">
          <reporter-output>
          </reporter-output>
        </test-method> <!-- testStudentDashboard -->
        <test-method is-config="true" signature="tearDown()[pri:0, instance:com.example.demo.StudentTest@7d8995e]" started-at="2026-04-19T17:27:58 IST" name="tearDown" finished-at="2026-04-19T17:28:00 IST" duration-ms="2083" status="PASS">
          <reporter-output>
          </reporter-output>
        </test-method> <!-- tearDown -->
      </class> <!-- com.example.demo.StudentTest -->
    </test> <!-- student test -->
  </suite> <!-- student suite -->
</testng-results>
