<?xml version="1.0" encoding="UTF-8"?>
<testsuite xmlns:xsi="http://www.w3.org/2001/XMLSchema-instance" xsi:noNamespaceSchemaLocation="https://maven.apache.org/surefire/maven-surefire-plugin/xsd/surefire-test-report.xsd" version="3.0.2" name="TestSuite" time="45.118" tests="6" errors="0" skipped="0" failures="0" flakes="0">
  <properties>
[...]
</properties>
  <testcase name="manualTestingWait" classname="com.example.demo.StudentTest" time="30.008">
    <system-out><![CDATA[17:27:17.391 [main] INFO io.github.bonigarcia.wdm.WebDriverManager -- Using geckodriver 0.36.0 (resolved driver for Firefox 149)
17:27:17.450 [main] INFO io.github.bonigarcia.wdm.WebDriverManager -- Exporting webdriver.gecko.driver as C:\Users\irudh_eu7dknc\.cache\selenium\geckodriver\win64\0.36.0\geckodriver.exe
Student system loaded successfully

========================================
MANUAL TESTING MODE - Browser staying open
You have 30 seconds to manually test...
========================================

30 seconds completed - continuing...
]]></system-out>
  </testcase>
  <testcase name="testAssignmentSubmission" classname="com.example.demo.StudentTest" time="0.007">
    <system-out><![CDATA[Assignment submission feature is accessible
]]></system-out>
  </testcase>
  <testcase name="testCourseEnrollment" classname="com.example.demo.StudentTest" time="0.009">
    <system-out><![CDATA[Course enrollment functionality is available
]]></system-out>
  </testcase>
  <testcase name="testGradeTracking" classname="com.example.demo.StudentTest" time="0.002">
    <system-out><![CDATA[Grade tracking system is working
]]></system-out>
  </testcase>
  <testcase name="testPageTitle" classname="com.example.demo.StudentTest" time="0.007">
    <system-out><![CDATA[Page Title: Manage Courses - Class Sync
]]></system-out>
  </testcase>
  <testcase name="testStudentDashboard" classname="com.example.demo.StudentTest" time="0.004">
    <system-out><![CDATA[Student dashboard is accessible
]]></system-out>
  </testcase>
</testsuite>