<?xml version="1.0" encoding="UTF-8"?>
<!-- Generated by org.testng.reporters.JUnitXMLReporter -->
<testsuite ignored="0" hostname="ROSE_ANAND" failures="0" tests="6" name="student test" time="44.03" errors="0" timestamp="2026-04-19T17:28:00 IST">
  <testcase classname="com.example.demo.StudentTest" name="manualTestingWait" time="30.005"/>
  <testcase classname="com.example.demo.StudentTest" name="testAssignmentSubmission" time="0.008"/>
  <testcase classname="com.example.demo.StudentTest" name="testCourseEnrollment" time="0.0"/>
  <testcase classname="com.example.demo.StudentTest" name="testGradeTracking" time="0.001"/>
  <testcase classname="com.example.demo.StudentTest" name="testPageTitle" time="0.019"/>
  <testcase classname="com.example.demo.StudentTest" name="testStudentDashboard" time="0.001"/>
</testsuite> <!-- student test -->
